Building for debugging...
[0/6] Write swift-version--58304C5D6DBC2206.txt
Build complete! (0.34s)
Test Suite 'All tests' started at 2026-01-04 20:28:47.023.
Test Suite 'FileOrganizerPackageTests.xctest' started at 2026-01-04 20:28:47.044.
Test Suite 'BuildInfoTests' started at 2026-01-04 20:28:47.044.
Test Case '-[FileOrganizerTests.BuildInfoTests testBuildIsNotEmpty]' started.
Test Case '-[FileOrganizerTests.BuildInfoTests testBuildIsNotEmpty]' passed (0.001 seconds).
Test Case '-[FileOrganizerTests.BuildInfoTests testCommitIsString]' started.
Test Case '-[FileOrganizerTests.BuildInfoTests testCommitIsString]' passed (0.070 seconds).
Test Case '-[FileOrganizerTests.BuildInfoTests testCommitMethodsConsistency]' started.
Test Case '-[FileOrganizerTests.BuildInfoTests testCommitMethodsConsistency]' passed (0.134 seconds).
Test Case '-[FileOrganizerTests.BuildInfoTests testFullVersionFormat]' started.
Test Case '-[FileOrganizerTests.BuildInfoTests testFullVersionFormat]' passed (0.000 seconds).
Test Case '-[FileOrganizerTests.BuildInfoTests testHasValidCommitConsistency]' started.
Test Case '-[FileOrganizerTests.BuildInfoTests testHasValidCommitConsistency]' passed (0.136 seconds).
Test Case '-[FileOrganizerTests.BuildInfoTests testShortCommitLength]' started.
Test Case '-[FileOrganizerTests.BuildInfoTests testShortCommitLength]' passed (0.069 seconds).
Test Case '-[FileOrganizerTests.BuildInfoTests testVersionIsNotEmpty]' started.
Test Case '-[FileOrganizerTests.BuildInfoTests testVersionIsNotEmpty]' passed (0.000 seconds).
Test Suite 'BuildInfoTests' passed at 2026-01-04 20:28:47.457.
	 Executed 7 tests, with 0 failures (0 unexpected) in 0.411 (0.413) seconds
Test Suite 'CanvasConnectionTests' started at 2026-01-04 20:28:47.457.
Test Case '-[FileOrganizerTests.CanvasConnectionTests testConnectionTypes]' started.
Test Case '-[FileOrganizerTests.CanvasConnectionTests testConnectionTypes]' passed (0.000 seconds).
Test Suite 'CanvasConnectionTests' passed at 2026-01-04 20:28:47.457.
	 Executed 1 test, with 0 failures (0 unexpected) in 0.000 (0.000) seconds
Test Suite 'CanvasNodeTests' started at 2026-01-04 20:28:47.457.
Test Case '-[FileOrganizerTests.CanvasNodeTests testFileNode]' started.
Test Case '-[FileOrganizerTests.CanvasNodeTests testFileNode]' passed (0.000 seconds).
Test Case '-[FileOrganizerTests.CanvasNodeTests testFolderNode]' started.
Test Case '-[FileOrganizerTests.CanvasNodeTests testFolderNode]' passed (0.000 seconds).
Test Case '-[FileOrganizerTests.CanvasNodeTests testNodeEquality]' started.
Test Case '-[FileOrganizerTests.CanvasNodeTests testNodeEquality]' passed (0.001 seconds).
Test Case '-[FileOrganizerTests.CanvasNodeTests testUnorganizedNode]' started.
Test Case '-[FileOrganizerTests.CanvasNodeTests testUnorganizedNode]' passed (0.000 seconds).
Test Suite 'CanvasNodeTests' passed at 2026-01-04 20:28:47.460.
	 Executed 4 tests, with 0 failures (0 unexpected) in 0.002 (0.003) seconds
Test Suite 'CanvasViewModelTests' started at 2026-01-04 20:28:47.460.
Test Case '-[FileOrganizerTests.CanvasViewModelTests testGenerateUpdatedPlan]' started.
Test Case '-[FileOrganizerTests.CanvasViewModelTests testGenerateUpdatedPlan]' passed (0.003 seconds).
Test Case '-[FileOrganizerTests.CanvasViewModelTests testLoadPlan]' started.
Test Case '-[FileOrganizerTests.CanvasViewModelTests testLoadPlan]' passed (0.000 seconds).
Test Case '-[FileOrganizerTests.CanvasViewModelTests testLoadPlanWithUnorganizedFiles]' started.
Test Case '-[FileOrganizerTests.CanvasViewModelTests testLoadPlanWithUnorganizedFiles]' passed (0.001 seconds).
Test Case '-[FileOrganizerTests.CanvasViewModelTests testMoveFile]' started.
Test Case '-[FileOrganizerTests.CanvasViewModelTests testMoveFile]' passed (0.001 seconds).
Test Case '-[FileOrganizerTests.CanvasViewModelTests testResetChanges]' started.
Test Case '-[FileOrganizerTests.CanvasViewModelTests testResetChanges]' passed (0.000 seconds).
Test Case '-[FileOrganizerTests.CanvasViewModelTests testScaleAndOffset]' started.
Test Case '-[FileOrganizerTests.CanvasViewModelTests testScaleAndOffset]' passed (0.001 seconds).
Test Case '-[FileOrganizerTests.CanvasViewModelTests testSelectionState]' started.
Test Case '-[FileOrganizerTests.CanvasViewModelTests testSelectionState]' passed (0.000 seconds).
Test Case '-[FileOrganizerTests.CanvasViewModelTests testUpdateNodePosition]' started.
Test Case '-[FileOrganizerTests.CanvasViewModelTests testUpdateNodePosition]' passed (0.000 seconds).
Test Suite 'CanvasViewModelTests' passed at 2026-01-04 20:28:47.467.
	 Executed 8 tests, with 0 failures (0 unexpected) in 0.006 (0.007) seconds
Test Suite 'CleanupOpportunityTests' started at 2026-01-04 20:28:47.467.
Test Case '-[FileOrganizerTests.CleanupOpportunityTests testFormattedSavings]' started.
Test Case '-[FileOrganizerTests.CleanupOpportunityTests testFormattedSavings]' passed (0.002 seconds).
Test Case '-[FileOrganizerTests.CleanupOpportunityTests testOpportunityPriority]' started.
Test Case '-[FileOrganizerTests.CleanupOpportunityTests testOpportunityPriority]' passed (0.000 seconds).
Test Case '-[FileOrganizerTests.CleanupOpportunityTests testOpportunityTypeProperties]' started.
Test Case '-[FileOrganizerTests.CleanupOpportunityTests testOpportunityTypeProperties]' passed (0.000 seconds).
Test Suite 'CleanupOpportunityTests' passed at 2026-01-04 20:28:47.470.
	 Executed 3 tests, with 0 failures (0 unexpected) in 0.002 (0.003) seconds
Test Suite 'ContentMetadataTests' started at 2026-01-04 20:28:47.470.
Test Case '-[FileOrganizerTests.ContentMetadataTests testAllTextContent]' started.
Test Case '-[FileOrganizerTests.ContentMetadataTests testAllTextContent]' passed (0.000 seconds).
Test Case '-[FileOrganizerTests.ContentMetadataTests testContentMetadataIsEmpty]' started.
Test Case '-[FileOrganizerTests.ContentMetadataTests testContentMetadataIsEmpty]' passed (0.000 seconds).
Test Case '-[FileOrganizerTests.ContentMetadataTests testContentMetadataSummary]' started.
Test Case '-[FileOrganizerTests.ContentMetadataTests testContentMetadataSummary]' passed (0.000 seconds).
Test Case '-[FileOrganizerTests.ContentMetadataTests testContentMetadataWithOCR]' started.
Test Case '-[FileOrganizerTests.ContentMetadataTests testContentMetadataWithOCR]' passed (0.000 seconds).
Test Suite 'ContentMetadataTests' passed at 2026-01-04 20:28:47.471.
	 Executed 4 tests, with 0 failures (0 unexpected) in 0.001 (0.001) seconds
Test Suite 'CustomPersonaTests' started at 2026-01-04 20:28:47.471.
Test Case '-[FileOrganizerTests.CustomPersonaTests testCustomPersonaCodable]' started.
Test Case '-[FileOrganizerTests.CustomPersonaTests testCustomPersonaCodable]' passed (0.001 seconds).
Test Case '-[FileOrganizerTests.CustomPersonaTests testCustomPersonaCreation]' started.
Test Case '-[FileOrganizerTests.CustomPersonaTests testCustomPersonaCreation]' passed (0.000 seconds).
Test Case '-[FileOrganizerTests.CustomPersonaTests testCustomPersonaUpdate]' started.
Test Case '-[FileOrganizerTests.CustomPersonaTests testCustomPersonaUpdate]' passed (0.011 seconds).
Test Case '-[FileOrganizerTests.CustomPersonaTests testPersonaIconOptionsContainsCommonIcons]' started.
Test Case '-[FileOrganizerTests.CustomPersonaTests testPersonaIconOptionsContainsCommonIcons]' passed (0.000 seconds).
Test Case '-[FileOrganizerTests.CustomPersonaTests testPersonaIconOptionsNotEmpty]' started.
Test Case '-[FileOrganizerTests.CustomPersonaTests testPersonaIconOptionsNotEmpty]' passed (0.001 seconds).
Test Suite 'CustomPersonaTests' passed at 2026-01-04 20:28:47.485.
	 Executed 5 tests, with 0 failures (0 unexpected) in 0.013 (0.014) seconds
Test Suite 'DeeplinkTests' started at 2026-01-04 20:28:47.485.
Test Case '-[FileOrganizerTests.DeeplinkTests testDuplicatesDeeplink]' started.
Test Case '-[FileOrganizerTests.DeeplinkTests testDuplicatesDeeplink]' passed (0.001 seconds).
Test Case '-[FileOrganizerTests.DeeplinkTests testGenerateLearningsURL]' started.
Test Case '-[FileOrganizerTests.DeeplinkTests testGenerateLearningsURL]' passed (0.001 seconds).
Test Case '-[FileOrganizerTests.DeeplinkTests testGenerateOrganizeURL]' started.
Test Case '-[FileOrganizerTests.DeeplinkTests testGenerateOrganizeURL]' passed (0.000 seconds).
Test Case '-[FileOrganizerTests.DeeplinkTests testGeneratePersonaURL]' started.
/Users/shirishpothi/Downloads/File Organiser/FileOrganizer/Tests/FileOrganizerTests/DeeplinkTests.swift:246: error: -[FileOrganizerTests.DeeplinkTests testGeneratePersonaURL] : XCTAssertEqual failed: ("Optional("fileorganizer://persona?action=generate&prompt=Test%20prompt&generate=true")") is not equal to ("Optional("fileorganizer://persona?action=generate&prompt=Test+prompt&generate=true")")
Test Case '-[FileOrganizerTests.DeeplinkTests testGeneratePersonaURL]' failed (0.058 seconds).
Test Case '-[FileOrganizerTests.DeeplinkTests testGenerateSettingsURL]' started.
Test Case '-[FileOrganizerTests.DeeplinkTests testGenerateSettingsURL]' passed (0.000 seconds).
Test Case '-[FileOrganizerTests.DeeplinkTests testHealthDeeplink]' started.
Test Case '-[FileOrganizerTests.DeeplinkTests testHealthDeeplink]' passed (0.000 seconds).
Test Case '-[FileOrganizerTests.DeeplinkTests testHelpDeeplinkWithSection]' started.
Test Case '-[FileOrganizerTests.DeeplinkTests testHelpDeeplinkWithSection]' passed (0.000 seconds).
Test Case '-[FileOrganizerTests.DeeplinkTests testHistoryDeeplink]' started.
Test Case '-[FileOrganizerTests.DeeplinkTests testHistoryDeeplink]' passed (0.000 seconds).
Test Case '-[FileOrganizerTests.DeeplinkTests testLearningsDeeplink]' started.
Test Case '-[FileOrganizerTests.DeeplinkTests testLearningsDeeplink]' passed (0.000 seconds).
Test Case '-[FileOrganizerTests.DeeplinkTests testLearningsHoningDeeplink]' started.
Test Case '-[FileOrganizerTests.DeeplinkTests testLearningsHoningDeeplink]' passed (0.000 seconds).
Test Case '-[FileOrganizerTests.DeeplinkTests testOrganizeDeeplink]' started.
Test Case '-[FileOrganizerTests.DeeplinkTests testOrganizeDeeplink]' passed (0.000 seconds).
Test Case '-[FileOrganizerTests.DeeplinkTests testOrganizeDeeplinkNoPath]' started.
Test Case '-[FileOrganizerTests.DeeplinkTests testOrganizeDeeplinkNoPath]' passed (0.000 seconds).
Test Case '-[FileOrganizerTests.DeeplinkTests testPersonaDeeplink]' started.
/Users/shirishpothi/Downloads/File Organiser/FileOrganizer/Tests/FileOrganizerTests/DeeplinkTests.swift:139: error: -[FileOrganizerTests.DeeplinkTests testPersonaDeeplink] : XCTAssertEqual failed: ("Optional("Organize+my+music")") is not equal to ("Optional("Organize my music")")
Test Case '-[FileOrganizerTests.DeeplinkTests testPersonaDeeplink]' failed (0.001 seconds).
Test Case '-[FileOrganizerTests.DeeplinkTests testRulesDeeplink]' started.
Test Case '-[FileOrganizerTests.DeeplinkTests testRulesDeeplink]' passed (0.000 seconds).
Test Case '-[FileOrganizerTests.DeeplinkTests testSettingsDeeplink]' started.
Test Case '-[FileOrganizerTests.DeeplinkTests testSettingsDeeplink]' passed (0.000 seconds).
Test Case '-[FileOrganizerTests.DeeplinkTests testUnknownDeeplink]' started.
Test Case '-[FileOrganizerTests.DeeplinkTests testUnknownDeeplink]' passed (0.001 seconds).
Test Case '-[FileOrganizerTests.DeeplinkTests testWatchedDeeplink]' started.
Test Case '-[FileOrganizerTests.DeeplinkTests testWatchedDeeplink]' passed (0.000 seconds).
Test Case '-[FileOrganizerTests.DeeplinkTests testWrongScheme]' started.
Test Case '-[FileOrganizerTests.DeeplinkTests testWrongScheme]' passed (0.000 seconds).
Test Suite 'DeeplinkTests' failed at 2026-01-04 20:28:47.552.
	 Executed 18 tests, with 2 failures (0 unexpected) in 0.064 (0.067) seconds
Test Suite 'DirectoryGrowthTests' started at 2026-01-04 20:28:47.552.
Test Case '-[FileOrganizerTests.DirectoryGrowthTests testFormattedSizeChange]' started.
Test Case '-[FileOrganizerTests.DirectoryGrowthTests testFormattedSizeChange]' passed (0.000 seconds).
Test Case '-[FileOrganizerTests.DirectoryGrowthTests testGrowthCalculations]' started.
Test Case '-[FileOrganizerTests.DirectoryGrowthTests testGrowthCalculations]' passed (0.000 seconds).
Test Case '-[FileOrganizerTests.DirectoryGrowthTests testGrowthRate]' started.
Test Case '-[FileOrganizerTests.DirectoryGrowthTests testGrowthRate]' passed (0.000 seconds).
Test Case '-[FileOrganizerTests.DirectoryGrowthTests testTopGrowingTypes]' started.
Test Case '-[FileOrganizerTests.DirectoryGrowthTests testTopGrowingTypes]' passed (0.001 seconds).
Test Suite 'DirectoryGrowthTests' passed at 2026-01-04 20:28:47.555.
	 Executed 4 tests, with 0 failures (0 unexpected) in 0.002 (0.003) seconds
Test Suite 'DirectoryScannerTests' started at 2026-01-04 20:28:47.555.
Test Case '-[FileOrganizerTests.DirectoryScannerTests testBasicScanning]' started.
Test Case '-[FileOrganizerTests.DirectoryScannerTests testBasicScanning]' passed (0.010 seconds).
Test Case '-[FileOrganizerTests.DirectoryScannerTests testDeepScan]' started.
Test Case '-[FileOrganizerTests.DirectoryScannerTests testDeepScan]' passed (0.003 seconds).
Test Case '-[FileOrganizerTests.DirectoryScannerTests testHashComputation]' started.
Test Case '-[FileOrganizerTests.DirectoryScannerTests testHashComputation]' passed (0.003 seconds).
Test Case '-[FileOrganizerTests.DirectoryScannerTests testHiddenFileExclusion]' started.
Test Case '-[FileOrganizerTests.DirectoryScannerTests testHiddenFileExclusion]' passed (0.003 seconds).
Test Case '-[FileOrganizerTests.DirectoryScannerTests testRecursiveScanning]' started.
Test Case '-[FileOrganizerTests.DirectoryScannerTests testRecursiveScanning]' passed (0.003 seconds).
Test Suite 'DirectoryScannerTests' passed at 2026-01-04 20:28:47.577.
	 Executed 5 tests, with 0 failures (0 unexpected) in 0.021 (0.022) seconds
Test Suite 'DirectorySnapshotTests' started at 2026-01-04 20:28:47.577.
Test Case '-[FileOrganizerTests.DirectorySnapshotTests testFormattedAverageAge]' started.
Test Case '-[FileOrganizerTests.DirectorySnapshotTests testFormattedAverageAge]' passed (0.000 seconds).
Test Case '-[FileOrganizerTests.DirectorySnapshotTests testFormattedSize]' started.
Test Case '-[FileOrganizerTests.DirectorySnapshotTests testFormattedSize]' passed (0.000 seconds).
Test Case '-[FileOrganizerTests.DirectorySnapshotTests testSnapshotCreation]' started.
Test Case '-[FileOrganizerTests.DirectorySnapshotTests testSnapshotCreation]' passed (0.000 seconds).
Test Suite 'DirectorySnapshotTests' passed at 2026-01-04 20:28:47.578.
	 Executed 3 tests, with 0 failures (0 unexpected) in 0.001 (0.001) seconds
Test Suite 'DuplicateDetectorTests' started at 2026-01-04 20:28:47.578.
Test Case '-[FileOrganizerTests.DuplicateDetectorTests testDuplicateFinding]' started.
Test Case '-[FileOrganizerTests.DuplicateDetectorTests testDuplicateFinding]' passed (0.001 seconds).
Test Case '-[FileOrganizerTests.DuplicateDetectorTests testSavingsCalculation]' started.
Test Case '-[FileOrganizerTests.DuplicateDetectorTests testSavingsCalculation]' passed (0.000 seconds).
Test Suite 'DuplicateDetectorTests' passed at 2026-01-04 20:28:47.579.
	 Executed 2 tests, with 0 failures (0 unexpected) in 0.001 (0.001) seconds
Test Suite 'DuplicateRestorationManagerTests' started at 2026-01-04 20:28:47.579.
Test Case '-[FileOrganizerTests.DuplicateRestorationManagerTests testClearAllData]' started.
Test Case '-[FileOrganizerTests.DuplicateRestorationManagerTests testClearAllData]' passed (0.005 seconds).
Test Case '-[FileOrganizerTests.DuplicateRestorationManagerTests testMetadataPreservation]' started.
Test Case '-[FileOrganizerTests.DuplicateRestorationManagerTests testMetadataPreservation]' passed (0.005 seconds).
Test Case '-[FileOrganizerTests.DuplicateRestorationManagerTests testRestoreDuplicate]' started.
Test Case '-[FileOrganizerTests.DuplicateRestorationManagerTests testRestoreDuplicate]' passed (0.005 seconds).
Test Case '-[FileOrganizerTests.DuplicateRestorationManagerTests testRestoreFailsWhenOriginalMissing]' started.
Test Case '-[FileOrganizerTests.DuplicateRestorationManagerTests testRestoreFailsWhenOriginalMissing]' passed (0.007 seconds).
Test Case '-[FileOrganizerTests.DuplicateRestorationManagerTests testRestoreFailsWhenTargetOccupied]' started.
Test Case '-[FileOrganizerTests.DuplicateRestorationManagerTests testRestoreFailsWhenTargetOccupied]' passed (0.006 seconds).
Test Case '-[FileOrganizerTests.DuplicateRestorationManagerTests testSafeDeleteMultipleFiles]' started.
Test Case '-[FileOrganizerTests.DuplicateRestorationManagerTests testSafeDeleteMultipleFiles]' passed (0.009 seconds).
Test Case '-[FileOrganizerTests.DuplicateRestorationManagerTests testSafeDeleteSingleFile]' started.
Test Case '-[FileOrganizerTests.DuplicateRestorationManagerTests testSafeDeleteSingleFile]' passed (0.006 seconds).
Test Suite 'DuplicateRestorationManagerTests' passed at 2026-01-04 20:28:47.625.
	 Executed 7 tests, with 0 failures (0 unexpected) in 0.043 (0.045) seconds
Test Suite 'DuplicateSettingsTests' started at 2026-01-04 20:28:47.625.
Test Case '-[FileOrganizerTests.DuplicateSettingsTests testCustomSettings]' started.
Test Case '-[FileOrganizerTests.DuplicateSettingsTests testCustomSettings]' passed (0.000 seconds).
Test Case '-[FileOrganizerTests.DuplicateSettingsTests testDefaultSettings]' started.
Test Case '-[FileOrganizerTests.DuplicateSettingsTests testDefaultSettings]' passed (0.000 seconds).
Test Case '-[FileOrganizerTests.DuplicateSettingsTests testKeepStrategyCaseIterable]' started.
Test Case '-[FileOrganizerTests.DuplicateSettingsTests testKeepStrategyCaseIterable]' passed (0.001 seconds).
Test Case '-[FileOrganizerTests.DuplicateSettingsTests testKeepStrategyDescriptions]' started.
Test Case '-[FileOrganizerTests.DuplicateSettingsTests testKeepStrategyDescriptions]' passed (0.000 seconds).
Test Case '-[FileOrganizerTests.DuplicateSettingsTests testKeepStrategyDisplayNames]' started.
Test Case '-[FileOrganizerTests.DuplicateSettingsTests testKeepStrategyDisplayNames]' passed (0.000 seconds).
Test Case '-[FileOrganizerTests.DuplicateSettingsTests testSettingsCodable]' started.
Test Case '-[FileOrganizerTests.DuplicateSettingsTests testSettingsCodable]' passed (0.001 seconds).
Test Suite 'DuplicateSettingsTests' passed at 2026-01-04 20:28:47.630.
	 Executed 6 tests, with 0 failures (0 unexpected) in 0.003 (0.005) seconds
Test Suite 'EdgeCaseTests' started at 2026-01-04 20:28:47.630.
Test Case '-[FileOrganizerTests.EdgeCaseTests testEmptyDirectoryScanning]' started.
Test Case '-[FileOrganizerTests.EdgeCaseTests testEmptyDirectoryScanning]' passed (0.002 seconds).
Test Case '-[FileOrganizerTests.EdgeCaseTests testLargeFileMetadata]' started.
Test Case '-[FileOrganizerTests.EdgeCaseTests testLargeFileMetadata]' passed (0.012 seconds).
Test Case '-[FileOrganizerTests.EdgeCaseTests testNestedEmptyDirectories]' started.
Test Case '-[FileOrganizerTests.EdgeCaseTests testNestedEmptyDirectories]' passed (0.005 seconds).
Test Case '-[FileOrganizerTests.EdgeCaseTests testSpecialCharactersInFilenames]' started.
Test Case '-[FileOrganizerTests.EdgeCaseTests testSpecialCharactersInFilenames]' passed (0.003 seconds).
Test Suite 'EdgeCaseTests' passed at 2026-01-04 20:28:47.652.
	 Executed 4 tests, with 0 failures (0 unexpected) in 0.022 (0.023) seconds
Test Suite 'ExclusionRulesExtendedTests' started at 2026-01-04 20:28:47.652.
Test Case '-[FileOrganizerTests.ExclusionRulesExtendedTests testCaseSensitiveRule]' started.
Test Case '-[FileOrganizerTests.ExclusionRulesExtendedTests testCaseSensitiveRule]' passed (0.000 seconds).
Test Case '-[FileOrganizerTests.ExclusionRulesExtendedTests testFileTypeCategoryMatching]' started.
Test Case '-[FileOrganizerTests.ExclusionRulesExtendedTests testFileTypeCategoryMatching]' passed (0.000 seconds).
Test Case '-[FileOrganizerTests.ExclusionRulesExtendedTests testHiddenFilesRule]' started.
Test Case '-[FileOrganizerTests.ExclusionRulesExtendedTests testHiddenFilesRule]' passed (0.000 seconds).
Test Case '-[FileOrganizerTests.ExclusionRulesExtendedTests testModificationDateRule]' started.
Test Case '-[FileOrganizerTests.ExclusionRulesExtendedTests testModificationDateRule]' passed (0.001 seconds).
Test Case '-[FileOrganizerTests.ExclusionRulesExtendedTests testNegatedRule]' started.
Test Case '-[FileOrganizerTests.ExclusionRulesExtendedTests testNegatedRule]' passed (0.000 seconds).
Test Case '-[FileOrganizerTests.ExclusionRulesExtendedTests testPresetApplication]' started.
Test Case '-[FileOrganizerTests.ExclusionRulesExtendedTests testPresetApplication]' passed (0.004 seconds).
Test Case '-[FileOrganizerTests.ExclusionRulesExtendedTests testSystemFilesRule]' started.
Test Case '-[FileOrganizerTests.ExclusionRulesExtendedTests testSystemFilesRule]' passed (0.001 seconds).
Test Suite 'ExclusionRulesExtendedTests' passed at 2026-01-04 20:28:47.660.
	 Executed 7 tests, with 0 failures (0 unexpected) in 0.007 (0.008) seconds
Test Suite 'ExclusionRulesTests' started at 2026-01-04 20:28:47.660.
Test Case '-[FileOrganizerTests.ExclusionRulesTests testDisabledRule]' started.
Test Case '-[FileOrganizerTests.ExclusionRulesTests testDisabledRule]' passed (0.007 seconds).
Test Case '-[FileOrganizerTests.ExclusionRulesTests testExtensionExclusion]' started.
Test Case '-[FileOrganizerTests.ExclusionRulesTests testExtensionExclusion]' passed (0.001 seconds).
Test Case '-[FileOrganizerTests.ExclusionRulesTests testFileNameExclusion]' started.
Test Case '-[FileOrganizerTests.ExclusionRulesTests testFileNameExclusion]' passed (0.001 seconds).
Test Case '-[FileOrganizerTests.ExclusionRulesTests testFolderNameExclusion]' started.
Test Case '-[FileOrganizerTests.ExclusionRulesTests testFolderNameExclusion]' passed (0.001 seconds).
Test Suite 'ExclusionRulesTests' passed at 2026-01-04 20:28:47.672.
	 Executed 4 tests, with 0 failures (0 unexpected) in 0.011 (0.011) seconds
Test Suite 'FileItemSemanticTests' started at 2026-01-04 20:28:47.672.
Test Case '-[FileOrganizerTests.FileItemSemanticTests testFinalDisplayName]' started.
Test Case '-[FileOrganizerTests.FileItemSemanticTests testFinalDisplayName]' passed (0.000 seconds).
Test Case '-[FileOrganizerTests.FileItemSemanticTests testHasSemanticContent]' started.
Test Case '-[FileOrganizerTests.FileItemSemanticTests testHasSemanticContent]' passed (0.000 seconds).
Test Case '-[FileOrganizerTests.FileItemSemanticTests testResolutionString]' started.
Test Case '-[FileOrganizerTests.FileItemSemanticTests testResolutionString]' passed (0.000 seconds).
Test Case '-[FileOrganizerTests.FileItemSemanticTests testSemanticTextContent]' started.
Test Case '-[FileOrganizerTests.FileItemSemanticTests testSemanticTextContent]' passed (0.000 seconds).
Test Suite 'FileItemSemanticTests' passed at 2026-01-04 20:28:47.673.
	 Executed 4 tests, with 0 failures (0 unexpected) in 0.001 (0.001) seconds
Test Suite 'FileOrganizerTests' started at 2026-01-04 20:28:47.673.
Test Case '-[FileOrganizerTests.FileOrganizerTests testCancelOrganization]' started.
Test Case '-[FileOrganizerTests.FileOrganizerTests testCancelOrganization]' passed (0.110 seconds).
Test Case '-[FileOrganizerTests.FileOrganizerTests testClientNotConfiguredError]' started.
Test Case '-[FileOrganizerTests.FileOrganizerTests testClientNotConfiguredError]' passed (0.001 seconds).
Test Case '-[FileOrganizerTests.FileOrganizerTests testOrganizeFlow]' started.
Test Case '-[FileOrganizerTests.FileOrganizerTests testOrganizeFlow]' passed (0.003 seconds).
Test Case '-[FileOrganizerTests.FileOrganizerTests testResetClearsState]' started.
Test Case '-[FileOrganizerTests.FileOrganizerTests testResetClearsState]' passed (0.002 seconds).
Test Suite 'FileOrganizerTests' passed at 2026-01-04 20:28:47.790.
	 Executed 4 tests, with 0 failures (0 unexpected) in 0.116 (0.117) seconds
Test Suite 'FileSystemManagerTests' started at 2026-01-04 20:28:47.790.
Test Case '-[FileOrganizerTests.FileSystemManagerTests testApplyOrganizationWithoutTagging]' started.
Test Case '-[FileOrganizerTests.FileSystemManagerTests testApplyOrganizationWithoutTagging]' passed (0.003 seconds).
Test Case '-[FileOrganizerTests.FileSystemManagerTests testApplyOrganizationWithTagging]' started.
Test Case '-[FileOrganizerTests.FileSystemManagerTests testApplyOrganizationWithTagging]' passed (0.007 seconds).
Test Case '-[FileOrganizerTests.FileSystemManagerTests testCreateFolders]' started.
Test Case '-[FileOrganizerTests.FileSystemManagerTests testCreateFolders]' passed (0.002 seconds).
Test Case '-[FileOrganizerTests.FileSystemManagerTests testEmptyFolderCleanup]' started.
Test Case '-[FileOrganizerTests.FileSystemManagerTests testEmptyFolderCleanup]' passed (0.003 seconds).
Test Case '-[FileOrganizerTests.FileSystemManagerTests testMoveFilesWithConflicts]' started.
Test Case '-[FileOrganizerTests.FileSystemManagerTests testMoveFilesWithConflicts]' passed (0.003 seconds).
Test Case '-[FileOrganizerTests.FileSystemManagerTests testReverseTaggingOperation]' started.
Test Case '-[FileOrganizerTests.FileSystemManagerTests testReverseTaggingOperation]' passed (0.004 seconds).
Test Case '-[FileOrganizerTests.FileSystemManagerTests testTagFilesActualApplication]' started.
Test Case '-[FileOrganizerTests.FileSystemManagerTests testTagFilesActualApplication]' passed (0.003 seconds).
Test Case '-[FileOrganizerTests.FileSystemManagerTests testTagFilesInDryRun]' started.
Test Case '-[FileOrganizerTests.FileSystemManagerTests testTagFilesInDryRun]' passed (0.002 seconds).
Test Case '-[FileOrganizerTests.FileSystemManagerTests testTagFilesInNestedFolders]' started.
Test Case '-[FileOrganizerTests.FileSystemManagerTests testTagFilesInNestedFolders]' passed (0.004 seconds).
Test Case '-[FileOrganizerTests.FileSystemManagerTests testUndoOperations]' started.
Test Case '-[FileOrganizerTests.FileSystemManagerTests testUndoOperations]' passed (0.003 seconds).
Test Suite 'FileSystemManagerTests' passed at 2026-01-04 20:28:47.824.
	 Executed 10 tests, with 0 failures (0 unexpected) in 0.033 (0.035) seconds
Test Suite 'FileTypeCategoryTests' started at 2026-01-04 20:28:47.824.
Test Case '-[FileOrganizerTests.FileTypeCategoryTests testCodeExtensions]' started.
Test Case '-[FileOrganizerTests.FileTypeCategoryTests testCodeExtensions]' passed (0.000 seconds).
Test Case '-[FileOrganizerTests.FileTypeCategoryTests testDocumentExtensions]' started.
Test Case '-[FileOrganizerTests.FileTypeCategoryTests testDocumentExtensions]' passed (0.000 seconds).
Test Case '-[FileOrganizerTests.FileTypeCategoryTests testImageExtensions]' started.
Test Case '-[FileOrganizerTests.FileTypeCategoryTests testImageExtensions]' passed (0.000 seconds).
Test Suite 'FileTypeCategoryTests' passed at 2026-01-04 20:28:47.825.
	 Executed 3 tests, with 0 failures (0 unexpected) in 0.000 (0.001) seconds
Test Suite 'FolderStructureAnalysisTests' started at 2026-01-04 20:28:47.825.
Test Case '-[FileOrganizerTests.FolderStructureAnalysisTests testAnalysisInitialState]' started.
Test Case '-[FileOrganizerTests.FolderStructureAnalysisTests testAnalysisInitialState]' passed (0.000 seconds).
Test Suite 'FolderStructureAnalysisTests' passed at 2026-01-04 20:28:47.825.
	 Executed 1 test, with 0 failures (0 unexpected) in 0.000 (0.000) seconds
Test Suite 'FolderSuggestionTests' started at 2026-01-04 20:28:47.825.
Test Case '-[FileOrganizerTests.FolderSuggestionTests testAddDuplicateTag]' started.
Test Case '-[FileOrganizerTests.FolderSuggestionTests testAddDuplicateTag]' passed (0.000 seconds).
Test Case '-[FileOrganizerTests.FolderSuggestionTests testAddFileWithoutRename]' started.
Test Case '-[FileOrganizerTests.FolderSuggestionTests testAddFileWithoutRename]' passed (0.000 seconds).
Test Case '-[FileOrganizerTests.FolderSuggestionTests testAddFileWithRename]' started.
Test Case '-[FileOrganizerTests.FolderSuggestionTests testAddFileWithRename]' passed (0.000 seconds).
Test Case '-[FileOrganizerTests.FolderSuggestionTests testAddTagToFile]' started.
Test Case '-[FileOrganizerTests.FolderSuggestionTests testAddTagToFile]' passed (0.000 seconds).
Test Case '-[FileOrganizerTests.FolderSuggestionTests testFileRenameMappingCreation]' started.
Test Case '-[FileOrganizerTests.FolderSuggestionTests testFileRenameMappingCreation]' passed (0.000 seconds).
Test Case '-[FileOrganizerTests.FolderSuggestionTests testFilesWithFinalNames]' started.
Test Case '-[FileOrganizerTests.FolderSuggestionTests testFilesWithFinalNames]' passed (0.000 seconds).
Test Case '-[FileOrganizerTests.FolderSuggestionTests testFileTagMappingCreation]' started.
Test Case '-[FileOrganizerTests.FolderSuggestionTests testFileTagMappingCreation]' passed (0.000 seconds).
Test Case '-[FileOrganizerTests.FolderSuggestionTests testFileTagMappingEmpty]' started.
Test Case '-[FileOrganizerTests.FolderSuggestionTests testFileTagMappingEmpty]' passed (0.000 seconds).
Test Case '-[FileOrganizerTests.FolderSuggestionTests testFinalFilenameWithoutSuggestion]' started.
Test Case '-[FileOrganizerTests.FolderSuggestionTests testFinalFilenameWithoutSuggestion]' passed (0.000 seconds).
Test Case '-[FileOrganizerTests.FolderSuggestionTests testFinalFilenameWithSuggestion]' started.
Test Case '-[FileOrganizerTests.FolderSuggestionTests testFinalFilenameWithSuggestion]' passed (0.000 seconds).
Test Case '-[FileOrganizerTests.FolderSuggestionTests testFolderSuggestionWithTags]' started.
Test Case '-[FileOrganizerTests.FolderSuggestionTests testFolderSuggestionWithTags]' passed (0.000 seconds).
Test Case '-[FileOrganizerTests.FolderSuggestionTests testHasRename]' started.
Test Case '-[FileOrganizerTests.FolderSuggestionTests testHasRename]' passed (0.000 seconds).
Test Case '-[FileOrganizerTests.FolderSuggestionTests testRemoveFile]' started.
Test Case '-[FileOrganizerTests.FolderSuggestionTests testRemoveFile]' passed (0.000 seconds).
Test Case '-[FileOrganizerTests.FolderSuggestionTests testRenameCount]' started.
Test Case '-[FileOrganizerTests.FolderSuggestionTests testRenameCount]' passed (0.000 seconds).
Test Case '-[FileOrganizerTests.FolderSuggestionTests testRenameCountWithNestedFolders]' started.
Test Case '-[FileOrganizerTests.FolderSuggestionTests testRenameCountWithNestedFolders]' passed (0.000 seconds).
Test Case '-[FileOrganizerTests.FolderSuggestionTests testRenameMappingForFile]' started.
Test Case '-[FileOrganizerTests.FolderSuggestionTests testRenameMappingForFile]' passed (0.000 seconds).
Test Case '-[FileOrganizerTests.FolderSuggestionTests testRenameMappingForFileInNested]' started.
Test Case '-[FileOrganizerTests.FolderSuggestionTests testRenameMappingForFileInNested]' passed (0.000 seconds).
Test Case '-[FileOrganizerTests.FolderSuggestionTests testTagsForFileInNestedFolder]' started.
Test Case '-[FileOrganizerTests.FolderSuggestionTests testTagsForFileInNestedFolder]' passed (0.000 seconds).
Test Case '-[FileOrganizerTests.FolderSuggestionTests testTagsForNonexistentFile]' started.
Test Case '-[FileOrganizerTests.FolderSuggestionTests testTagsForNonexistentFile]' passed (0.000 seconds).
Test Case '-[FileOrganizerTests.FolderSuggestionTests testUpdateRename]' started.
Test Case '-[FileOrganizerTests.FolderSuggestionTests testUpdateRename]' passed (0.000 seconds).
Test Case '-[FileOrganizerTests.FolderSuggestionTests testUpdateRenameForNewFile]' started.
Test Case '-[FileOrganizerTests.FolderSuggestionTests testUpdateRenameForNewFile]' passed (0.000 seconds).
Test Suite 'FolderSuggestionTests' passed at 2026-01-04 20:28:47.831.
	 Executed 21 tests, with 0 failures (0 unexpected) in 0.003 (0.005) seconds
Test Suite 'HealthInsightTests' started at 2026-01-04 20:28:47.831.
Test Case '-[FileOrganizerTests.HealthInsightTests testInsightCreation]' started.
Test Case '-[FileOrganizerTests.HealthInsightTests testInsightCreation]' passed (0.000 seconds).
Test Case '-[FileOrganizerTests.HealthInsightTests testInsightTypeProperties]' started.
Test Case '-[FileOrganizerTests.HealthInsightTests testInsightTypeProperties]' passed (0.000 seconds).
Test Suite 'HealthInsightTests' passed at 2026-01-04 20:28:47.831.
	 Executed 2 tests, with 0 failures (0 unexpected) in 0.000 (0.001) seconds
Test Suite 'HistoryTests' started at 2026-01-04 20:28:47.831.
Test Case '-[FileOrganizerTests.HistoryTests testAddEntry]' started.
Test Case '-[FileOrganizerTests.HistoryTests testAddEntry]' passed (0.001 seconds).
Test Case '-[FileOrganizerTests.HistoryTests testPersistence]' started.
Test Case '-[FileOrganizerTests.HistoryTests testPersistence]' passed (0.001 seconds).
Test Case '-[FileOrganizerTests.HistoryTests testStatsCalculation]' started.
Test Case '-[FileOrganizerTests.HistoryTests testStatsCalculation]' passed (0.001 seconds).
Test Suite 'HistoryTests' passed at 2026-01-04 20:28:47.834.
	 Executed 3 tests, with 0 failures (0 unexpected) in 0.002 (0.003) seconds
Test Suite 'LLMRuleInducerTests' started at 2026-01-04 20:28:47.834.
Test Case '-[FileOrganizerTests.LLMRuleInducerTests testInduceRulesFromExamples]' started.
Test Case '-[FileOrganizerTests.LLMRuleInducerTests testInduceRulesFromExamples]' passed (0.001 seconds).
Test Case '-[FileOrganizerTests.LLMRuleInducerTests testInduceRulesWithInvalidJSON]' started.
Test Case '-[FileOrganizerTests.LLMRuleInducerTests testInduceRulesWithInvalidJSON]' passed (0.001 seconds).
Test Case '-[FileOrganizerTests.LLMRuleInducerTests testInduceRulesWithMarkdownJSON]' started.
Test Case '-[FileOrganizerTests.LLMRuleInducerTests testInduceRulesWithMarkdownJSON]' passed (0.000 seconds).
Test Suite 'LLMRuleInducerTests' passed at 2026-01-04 20:28:47.837.
	 Executed 3 tests, with 0 failures (0 unexpected) in 0.003 (0.003) seconds
Test Suite 'LearningsAnalyzerTests' started at 2026-01-04 20:28:47.837.
Test Case '-[FileOrganizerTests.LearningsAnalyzerTests testProposeMappingWithMatchingRule]' started.
Test Case '-[FileOrganizerTests.LearningsAnalyzerTests testProposeMappingWithMatchingRule]' passed (0.003 seconds).
Test Case '-[FileOrganizerTests.LearningsAnalyzerTests testProposeMappingWithMultipleRules]' started.
Test Case '-[FileOrganizerTests.LearningsAnalyzerTests testProposeMappingWithMultipleRules]' passed (0.001 seconds).
Test Case '-[FileOrganizerTests.LearningsAnalyzerTests testProposeMappingWithNoMatchingRule]' started.
Test Case '-[FileOrganizerTests.LearningsAnalyzerTests testProposeMappingWithNoMatchingRule]' passed (0.000 seconds).
Test Suite 'LearningsAnalyzerTests' passed at 2026-01-04 20:28:47.842.
	 Executed 3 tests, with 0 failures (0 unexpected) in 0.004 (0.005) seconds
Test Suite 'LearningsConfidenceTests' started at 2026-01-04 20:28:47.842.
Test Case '-[FileOrganizerTests.LearningsConfidenceTests testAlternativeMappingCreation]' started.
Test Case '-[FileOrganizerTests.LearningsConfidenceTests testAlternativeMappingCreation]' passed (0.000 seconds).
Test Case '-[FileOrganizerTests.LearningsConfidenceTests testConfidenceLevelColors]' started.
Test Case '-[FileOrganizerTests.LearningsConfidenceTests testConfidenceLevelColors]' passed (0.000 seconds).
Test Case '-[FileOrganizerTests.LearningsConfidenceTests testConfidenceSummaryCalculation]' started.
Test Case '-[FileOrganizerTests.LearningsConfidenceTests testConfidenceSummaryCalculation]' passed (0.000 seconds).
Test Case '-[FileOrganizerTests.LearningsConfidenceTests testMappingConflictCreation]' started.
Test Case '-[FileOrganizerTests.LearningsConfidenceTests testMappingConflictCreation]' passed (0.000 seconds).
Test Suite 'LearningsConfidenceTests' passed at 2026-01-04 20:28:47.843.
	 Executed 4 tests, with 0 failures (0 unexpected) in 0.001 (0.001) seconds
Test Suite 'LearningsManagerTests' started at 2026-01-04 20:28:47.843.
Test Case '-[FileOrganizerTests.LearningsManagerTests testAcceptMapping]' started.
Test Case '-[FileOrganizerTests.LearningsManagerTests testAcceptMapping]' passed (0.025 seconds).
Test Case '-[FileOrganizerTests.LearningsManagerTests testAddLabeledExample]' started.
Test Case '-[FileOrganizerTests.LearningsManagerTests testAddLabeledExample]' passed (0.007 seconds).
Test Case '-[FileOrganizerTests.LearningsManagerTests testAnalyzeWithNoInputs]' started.
Test Case '-[FileOrganizerTests.LearningsManagerTests testAnalyzeWithNoInputs]' passed (0.007 seconds).
Test Case '-[FileOrganizerTests.LearningsManagerTests testEditMapping]' started.
Test Case '-[FileOrganizerTests.LearningsManagerTests testEditMapping]' passed (0.006 seconds).
Test Case '-[FileOrganizerTests.LearningsManagerTests testErrorStateClearing]' started.
Test Case '-[FileOrganizerTests.LearningsManagerTests testErrorStateClearing]' passed (0.006 seconds).
Test Case '-[FileOrganizerTests.LearningsManagerTests testGeneratePromptContext]' started.
Test Case '-[FileOrganizerTests.LearningsManagerTests testGeneratePromptContext]' passed (0.003 seconds).
Test Case '-[FileOrganizerTests.LearningsManagerTests testRejectMapping]' started.
Test Case '-[FileOrganizerTests.LearningsManagerTests testRejectMapping]' passed (0.005 seconds).
Test Suite 'LearningsManagerTests' passed at 2026-01-04 20:28:47.901.
	 Executed 7 tests, with 0 failures (0 unexpected) in 0.057 (0.058) seconds
Test Suite 'LearningsProfileTests' started at 2026-01-04 20:28:47.901.
Test Case '-[FileOrganizerTests.LearningsProfileTests testAddExample]' started.
Test Case '-[FileOrganizerTests.LearningsProfileTests testAddExample]' passed (0.000 seconds).
Test Case '-[FileOrganizerTests.LearningsProfileTests testProfileCreation]' started.
Test Case '-[FileOrganizerTests.LearningsProfileTests testProfileCreation]' passed (0.000 seconds).
Test Suite 'LearningsProfileTests' passed at 2026-01-04 20:28:47.902.
	 Executed 2 tests, with 0 failures (0 unexpected) in 0.000 (0.001) seconds
Test Suite 'OCRResultTests' started at 2026-01-04 20:28:47.902.
Test Case '-[FileOrganizerTests.OCRResultTests testOCRResultDetectedKeywords]' started.
Test Case '-[FileOrganizerTests.OCRResultTests testOCRResultDetectedKeywords]' passed (0.000 seconds).
Test Case '-[FileOrganizerTests.OCRResultTests testOCRResultIsEmpty]' started.
Test Case '-[FileOrganizerTests.OCRResultTests testOCRResultIsEmpty]' passed (0.000 seconds).
Test Case '-[FileOrganizerTests.OCRResultTests testOCRResultPreview]' started.
Test Case '-[FileOrganizerTests.OCRResultTests testOCRResultPreview]' passed (0.000 seconds).
Test Suite 'OCRResultTests' passed at 2026-01-04 20:28:47.902.
	 Executed 3 tests, with 0 failures (0 unexpected) in 0.000 (0.001) seconds
Test Suite 'PatternMatcherAdvancedTests' started at 2026-01-04 20:28:47.902.
Test Case '-[FileOrganizerTests.PatternMatcherAdvancedTests testBuildPatternFromMultipleFilenames]' started.
Test Case '-[FileOrganizerTests.PatternMatcherAdvancedTests testBuildPatternFromMultipleFilenames]' passed (0.001 seconds).
Test Case '-[FileOrganizerTests.PatternMatcherAdvancedTests testBuildPatternWithCommonPrefix]' started.
Test Case '-[FileOrganizerTests.PatternMatcherAdvancedTests testBuildPatternWithCommonPrefix]' passed (0.000 seconds).
Test Case '-[FileOrganizerTests.PatternMatcherAdvancedTests testBuildPatternWithNoCommonality]' started.
Test Case '-[FileOrganizerTests.PatternMatcherAdvancedTests testBuildPatternWithNoCommonality]' passed (0.000 seconds).
Test Case '-[FileOrganizerTests.PatternMatcherAdvancedTests testBuildTemplateFromExamples]' started.
Test Case '-[FileOrganizerTests.PatternMatcherAdvancedTests testBuildTemplateFromExamples]' passed (0.001 seconds).
Test Suite 'PatternMatcherAdvancedTests' passed at 2026-01-04 20:28:47.904.
	 Executed 4 tests, with 0 failures (0 unexpected) in 0.002 (0.002) seconds
Test Suite 'PromptBuilderTests' started at 2026-01-04 20:28:47.904.
Test Case '-[FileOrganizerTests.PromptBuilderTests testOrganizationPromptBuilding]' started.
Test Case '-[FileOrganizerTests.PromptBuilderTests testOrganizationPromptBuilding]' passed (0.000 seconds).
Test Case '-[FileOrganizerTests.PromptBuilderTests testPromptWithCustomInstructions]' started.
Test Case '-[FileOrganizerTests.PromptBuilderTests testPromptWithCustomInstructions]' passed (0.000 seconds).
Test Case '-[FileOrganizerTests.PromptBuilderTests testReasoningModePrompt]' started.
Test Case '-[FileOrganizerTests.PromptBuilderTests testReasoningModePrompt]' passed (0.001 seconds).
Test Suite 'PromptBuilderTests' passed at 2026-01-04 20:28:47.906.
	 Executed 3 tests, with 0 failures (0 unexpected) in 0.001 (0.001) seconds
Test Suite 'ResponseParserSmartRenamingTests' started at 2026-01-04 20:28:47.906.
Test Case '-[FileOrganizerTests.ResponseParserSmartRenamingTests testParseResponseWithSemanticTags]' started.
Test Case '-[FileOrganizerTests.ResponseParserSmartRenamingTests testParseResponseWithSemanticTags]' passed (0.001 seconds).
Test Case '-[FileOrganizerTests.ResponseParserSmartRenamingTests testParseResponseWithSimpleFileList]' started.
Test Case '-[FileOrganizerTests.ResponseParserSmartRenamingTests testParseResponseWithSimpleFileList]' passed (0.000 seconds).
Test Case '-[FileOrganizerTests.ResponseParserSmartRenamingTests testParseResponseWithSmartRenaming]' started.
Test Case '-[FileOrganizerTests.ResponseParserSmartRenamingTests testParseResponseWithSmartRenaming]' passed (0.000 seconds).
Test Suite 'ResponseParserSmartRenamingTests' passed at 2026-01-04 20:28:47.907.
	 Executed 3 tests, with 0 failures (0 unexpected) in 0.001 (0.001) seconds
Test Suite 'ResponseParserTests' started at 2026-01-04 20:28:47.907.
Test Case '-[FileOrganizerTests.ResponseParserTests testMarkdownWrappedJSONParsing]' started.
Test Case '-[FileOrganizerTests.ResponseParserTests testMarkdownWrappedJSONParsing]' passed (0.000 seconds).
Test Case '-[FileOrganizerTests.ResponseParserTests testParsingFilesWithoutTags]' started.
Test Case '-[FileOrganizerTests.ResponseParserTests testParsingFilesWithoutTags]' passed (0.000 seconds).
Test Case '-[FileOrganizerTests.ResponseParserTests testParsingWithBothRenameAndTags]' started.
Test Case '-[FileOrganizerTests.ResponseParserTests testParsingWithBothRenameAndTags]' passed (0.000 seconds).
Test Case '-[FileOrganizerTests.ResponseParserTests testParsingWithFileRenameSuggestions]' started.
Test Case '-[FileOrganizerTests.ResponseParserTests testParsingWithFileRenameSuggestions]' passed (0.000 seconds).
Test Case '-[FileOrganizerTests.ResponseParserTests testParsingWithMultipleTagsPerFile]' started.
Test Case '-[FileOrganizerTests.ResponseParserTests testParsingWithMultipleTagsPerFile]' passed (0.000 seconds).
Test Case '-[FileOrganizerTests.ResponseParserTests testParsingWithTags]' started.
Test Case '-[FileOrganizerTests.ResponseParserTests testParsingWithTags]' passed (0.000 seconds).
Test Case '-[FileOrganizerTests.ResponseParserTests testUnorganizedFilesParsing]' started.
Test Case '-[FileOrganizerTests.ResponseParserTests testUnorganizedFilesParsing]' passed (0.000 seconds).
Test Case '-[FileOrganizerTests.ResponseParserTests testValidJSONParsing]' started.
Test Case '-[FileOrganizerTests.ResponseParserTests testValidJSONParsing]' passed (0.000 seconds).
Test Suite 'ResponseParserTests' passed at 2026-01-04 20:28:47.909.
	 Executed 8 tests, with 0 failures (0 unexpected) in 0.001 (0.002) seconds
Test Suite 'RuleInducerTests' started at 2026-01-04 20:28:47.909.
Test Case '-[FileOrganizerTests.RuleInducerTests testAnalysisResultToJSON]' started.
Test Case '-[FileOrganizerTests.RuleInducerTests testAnalysisResultToJSON]' passed (0.106 seconds).
Test Case '-[FileOrganizerTests.RuleInducerTests testAnalyzeFolderStructureWithDateFolders]' started.
Test Case '-[FileOrganizerTests.RuleInducerTests testAnalyzeFolderStructureWithDateFolders]' passed (0.000 seconds).
Test Case '-[FileOrganizerTests.RuleInducerTests testAnalyzeFolderStructureWithYearFolders]' started.
Test Case '-[FileOrganizerTests.RuleInducerTests testAnalyzeFolderStructureWithYearFolders]' passed (0.000 seconds).
Test Case '-[FileOrganizerTests.RuleInducerTests testDetectArtistTitlePattern]' started.
Test Case '-[FileOrganizerTests.RuleInducerTests testDetectArtistTitlePattern]' passed (0.000 seconds).
Test Case '-[FileOrganizerTests.RuleInducerTests testDetectIMGPattern]' started.
Test Case '-[FileOrganizerTests.RuleInducerTests testDetectIMGPattern]' passed (0.103 seconds).
Test Case '-[FileOrganizerTests.RuleInducerTests testDetectTrackNumberPattern]' started.
Test Case '-[FileOrganizerTests.RuleInducerTests testDetectTrackNumberPattern]' passed (0.000 seconds).
Test Case '-[FileOrganizerTests.RuleInducerTests testExtractDateFromDashPattern]' started.
Test Case '-[FileOrganizerTests.RuleInducerTests testExtractDateFromDashPattern]' passed (0.104 seconds).
Test Case '-[FileOrganizerTests.RuleInducerTests testExtractDateFromIMGPattern]' started.
Test Case '-[FileOrganizerTests.RuleInducerTests testExtractDateFromIMGPattern]' passed (0.001 seconds).
Test Case '-[FileOrganizerTests.RuleInducerTests testExtractYearFromFilename]' started.
Test Case '-[FileOrganizerTests.RuleInducerTests testExtractYearFromFilename]' passed (0.101 seconds).
Test Case '-[FileOrganizerTests.RuleInducerTests testFileCategoryFromExtension]' started.
Test Case '-[FileOrganizerTests.RuleInducerTests testFileCategoryFromExtension]' passed (0.000 seconds).
Test Case '-[FileOrganizerTests.RuleInducerTests testIncrementalRuleUpdate]' started.
Test Case '-[FileOrganizerTests.RuleInducerTests testIncrementalRuleUpdate]' passed (0.106 seconds).
Test Case '-[FileOrganizerTests.RuleInducerTests testInduceRulesFromLabeledExamples]' started.
Test Case '-[FileOrganizerTests.RuleInducerTests testInduceRulesFromLabeledExamples]' passed (0.001 seconds).
Test Case '-[FileOrganizerTests.RuleInducerTests testProposedMappingConfidenceLevels]' started.
Test Case '-[FileOrganizerTests.RuleInducerTests testProposedMappingConfidenceLevels]' passed (0.000 seconds).
Test Case '-[FileOrganizerTests.RuleInducerTests testTokenizeFilename]' started.
Test Case '-[FileOrganizerTests.RuleInducerTests testTokenizeFilename]' passed (0.000 seconds).
Test Suite 'RuleInducerTests' passed at 2026-01-04 20:28:48.434.
	 Executed 14 tests, with 0 failures (0 unexpected) in 0.524 (0.525) seconds
Test Suite 'SemanticDuplicateTests' started at 2026-01-04 20:28:48.434.
Test Case '-[FileOrganizerTests.SemanticDuplicateTests testDuplicateRecommendationDescription]' started.
Test Case '-[FileOrganizerTests.SemanticDuplicateTests testDuplicateRecommendationDescription]' passed (0.000 seconds).
Test Case '-[FileOrganizerTests.SemanticDuplicateTests testHammingDistance]' started.
Test Case '-[FileOrganizerTests.SemanticDuplicateTests testHammingDistance]' passed (0.000 seconds).
Test Case '-[FileOrganizerTests.SemanticDuplicateTests testImageSimilarityFromHammingDistance]' started.
Test Case '-[FileOrganizerTests.SemanticDuplicateTests testImageSimilarityFromHammingDistance]' passed (0.000 seconds).
Test Case '-[FileOrganizerTests.SemanticDuplicateTests testSemanticDuplicateGroupPotentialSavings]' started.
Test Case '-[FileOrganizerTests.SemanticDuplicateTests testSemanticDuplicateGroupPotentialSavings]' passed (0.000 seconds).
Test Case '-[FileOrganizerTests.SemanticDuplicateTests testSimilarityPercentage]' started.
Test Case '-[FileOrganizerTests.SemanticDuplicateTests testSimilarityPercentage]' passed (0.000 seconds).
Test Suite 'SemanticDuplicateTests' passed at 2026-01-04 20:28:48.436.
	 Executed 5 tests, with 0 failures (0 unexpected) in 0.001 (0.001) seconds
Test Suite 'SmartRenamingTests' started at 2026-01-04 20:28:48.436.
Test Case '-[FileOrganizerTests.SmartRenamingTests testFileRenameMappingHasRename]' started.
Test Case '-[FileOrganizerTests.SmartRenamingTests testFileRenameMappingHasRename]' passed (0.000 seconds).
Test Case '-[FileOrganizerTests.SmartRenamingTests testFilesWithFinalNames]' started.
Test Case '-[FileOrganizerTests.SmartRenamingTests testFilesWithFinalNames]' passed (0.000 seconds).
Test Case '-[FileOrganizerTests.SmartRenamingTests testFolderSuggestionRenameCount]' started.
Test Case '-[FileOrganizerTests.SmartRenamingTests testFolderSuggestionRenameCount]' passed (0.000 seconds).
Test Case '-[FileOrganizerTests.SmartRenamingTests testFolderSuggestionRenameMapping]' started.
Test Case '-[FileOrganizerTests.SmartRenamingTests testFolderSuggestionRenameMapping]' passed (0.000 seconds).
Test Suite 'SmartRenamingTests' passed at 2026-01-04 20:28:48.437.
	 Executed 4 tests, with 0 failures (0 unexpected) in 0.001 (0.001) seconds
Test Suite 'TimePeriodTests' started at 2026-01-04 20:28:48.437.
Test Case '-[FileOrganizerTests.TimePeriodTests testAllCases]' started.
Test Case '-[FileOrganizerTests.TimePeriodTests testAllCases]' passed (0.000 seconds).
Test Case '-[FileOrganizerTests.TimePeriodTests testTimeIntervals]' started.
Test Case '-[FileOrganizerTests.TimePeriodTests testTimeIntervals]' passed (0.000 seconds).
Test Suite 'TimePeriodTests' passed at 2026-01-04 20:28:48.437.
	 Executed 2 tests, with 0 failures (0 unexpected) in 0.000 (0.000) seconds
Test Suite 'UtilityTests' started at 2026-01-04 20:28:48.437.
Test Case '-[FileOrganizerTests.UtilityTests testDateFilenameTimestamp]' started.
Test Case '-[FileOrganizerTests.UtilityTests testDateFilenameTimestamp]' passed (0.001 seconds).
Test Suite 'UtilityTests' passed at 2026-01-04 20:28:48.438.
	 Executed 1 test, with 0 failures (0 unexpected) in 0.001 (0.001) seconds
Test Suite 'VisionAnalyzerTests' started at 2026-01-04 20:28:48.438.
Test Case '-[FileOrganizerTests.VisionAnalyzerTests testAnalyzeNonImageFile]' started.
Test Case '-[FileOrganizerTests.VisionAnalyzerTests testAnalyzeNonImageFile]' passed (0.002 seconds).
Test Case '-[FileOrganizerTests.VisionAnalyzerTests testGetImageDimensions]' started.
Test Case '-[FileOrganizerTests.VisionAnalyzerTests testGetImageDimensions]' passed (0.001 seconds).
Test Suite 'VisionAnalyzerTests' passed at 2026-01-04 20:28:48.441.
	 Executed 2 tests, with 0 failures (0 unexpected) in 0.003 (0.003) seconds
Test Suite 'WorkspaceHealthIntegrationTests' started at 2026-01-04 20:28:48.441.
Test Case '-[FileOrganizerTests.WorkspaceHealthIntegrationTests testAnalyzeDirectoryForOpportunities]' started.
Test Case '-[FileOrganizerTests.WorkspaceHealthIntegrationTests testAnalyzeDirectoryForOpportunities]' passed (0.005 seconds).
Test Case '-[FileOrganizerTests.WorkspaceHealthIntegrationTests testClearInsights]' started.
Test Case '-[FileOrganizerTests.WorkspaceHealthIntegrationTests testClearInsights]' passed (0.002 seconds).
Test Case '-[FileOrganizerTests.WorkspaceHealthIntegrationTests testComputedProperties]' started.
Test Case '-[FileOrganizerTests.WorkspaceHealthIntegrationTests testComputedProperties]' passed (0.003 seconds).
Test Case '-[FileOrganizerTests.WorkspaceHealthIntegrationTests testDismissOpportunity]' started.
Test Case '-[FileOrganizerTests.WorkspaceHealthIntegrationTests testDismissOpportunity]' passed (0.004 seconds).
Test Case '-[FileOrganizerTests.WorkspaceHealthIntegrationTests testMarkInsightAsRead]' started.
Test Case '-[FileOrganizerTests.WorkspaceHealthIntegrationTests testMarkInsightAsRead]' passed (0.003 seconds).
Test Case '-[FileOrganizerTests.WorkspaceHealthIntegrationTests testTakeSnapshotAndGetGrowth]' started.
Test Case '-[FileOrganizerTests.WorkspaceHealthIntegrationTests testTakeSnapshotAndGetGrowth]' passed (0.004 seconds).
Test Suite 'WorkspaceHealthIntegrationTests' passed at 2026-01-04 20:28:48.463.
	 Executed 6 tests, with 0 failures (0 unexpected) in 0.022 (0.022) seconds
Test Suite 'WorkspaceHealthMonitoringTests' started at 2026-01-04 20:28:48.463.
Test Case '-[FileOrganizerTests.WorkspaceHealthMonitoringTests testFileMonitoringDetectsChanges]' started.
Test Case '-[FileOrganizerTests.WorkspaceHealthMonitoringTests testFileMonitoringDetectsChanges]' passed (6.113 seconds).
Test Suite 'WorkspaceHealthMonitoringTests' passed at 2026-01-04 20:28:54.576.
	 Executed 1 test, with 0 failures (0 unexpected) in 6.113 (6.113) seconds
Test Suite 'WorkspaceHealthQuickActionTests' started at 2026-01-04 20:28:54.576.
Test Case '-[FileOrganizerTests.WorkspaceHealthQuickActionTests testArchiveOldDownloads]' started.
Test Case '-[FileOrganizerTests.WorkspaceHealthQuickActionTests testArchiveOldDownloads]' passed (0.004 seconds).
Test Case '-[FileOrganizerTests.WorkspaceHealthQuickActionTests testCleanInstallers]' started.
Test Case '-[FileOrganizerTests.WorkspaceHealthQuickActionTests testCleanInstallers]' passed (0.003 seconds).
Test Case '-[FileOrganizerTests.WorkspaceHealthQuickActionTests testGroupScreenshots]' started.
Test Case '-[FileOrganizerTests.WorkspaceHealthQuickActionTests testGroupScreenshots]' passed (0.003 seconds).
Test Case '-[FileOrganizerTests.WorkspaceHealthQuickActionTests testPruneEmptyFolders]' started.
Test Case '-[FileOrganizerTests.WorkspaceHealthQuickActionTests testPruneEmptyFolders]' passed (0.003 seconds).
Test Suite 'WorkspaceHealthQuickActionTests' passed at 2026-01-04 20:28:54.589.
	 Executed 4 tests, with 0 failures (0 unexpected) in 0.013 (0.013) seconds
Test Suite 'FileOrganizerPackageTests.xctest' failed at 2026-01-04 20:28:54.589.
	 Executed 219 tests, with 2 failures (0 unexpected) in 7.513 (7.546) seconds
Test Suite 'All tests' failed at 2026-01-04 20:28:54.590.
	 Executed 219 tests, with 2 failures (0 unexpected) in 7.513 (7.567) seconds
LearningsFileManager: Saved profile to shirishpothi.learning
LearningsFileManager: Saved profile to shirishpothi.learning
LearningsFileManager: Saved profile to shirishpothi.learning
LearningsFileManager: Saved profile to shirishpothi.learning
LearningsFileManager: Saved profile to shirishpothi.learning
LearningsFileManager: Saved profile to shirishpothi.learning
 Test run started.
 Testing Library Version: 1501
 Target Platform: arm64e-apple-macos14.0
 Test run with 0 tests in 0 suites passed after 0.001 seconds.
